<?xml version="1.0" encoding="UTF-8"?>
<testng-results skipped="0" failed="0" ignored="0" total="1" passed="1">
  <reporter-output>
  </reporter-output>
  <suite name="Default suite" duration-ms="9064" started-at="2019-12-28T19:35:49 IST" finished-at="2019-12-28T19:35:58 IST">
    <groups>
    </groups>
    <test name="Default test" duration-ms="9064" started-at="2019-12-28T19:35:49 IST" finished-at="2019-12-28T19:35:58 IST">
      <class name="jira.Deleteissue">
        <test-method status="PASS" signature="getAll()[pri:0, instance:jira.Deleteissue@4973813a]" name="getAll" duration-ms="8897" started-at="2019-12-28T19:35:49 IST" finished-at="2019-12-28T19:35:58 IST">
          <reporter-output>
          </reporter-output>
        </test-method> <!-- getAll -->
      </class> <!-- jira.Deleteissue -->
    </test> <!-- Default test -->
  </suite> <!-- Default suite -->
</testng-results>
